1763140094.086467 client started (30285): version 3.5a, socket /private/tmp/tmux-501/default, protocol 8
1763140094.086630 on Darwin 25.1.0 Darwin Kernel Version 25.1.0: Mon Oct 20 19:32:47 PDT 2025; root:xnu-12377.41.6~2/RELEASE_ARM64_T8103
1763140094.086650 using libevent 2.1.12-stable select
1763140094.087759 using utf8proc 2.11.1
1763140094.087781 using ncurses 6.5 20240427
1763140094.087817 flags are 0x18010000
1763140094.087831 socket is /private/tmp/tmux-501/default
1763140094.087858 trying connect
1763140094.087954 add peer 0x91541c000: 6 (0x0)
1763140094.091810 sending message 111 to peer 0x91541c000 (8 bytes)
1763140094.091860 sending message 111 to peer 0x91541c000 (8 bytes)
1763140094.091873 sending message 101 to peer 0x91541c000 (15 bytes)
1763140094.091885 sending message 109 to peer 0x91541c000 (4 bytes)
1763140094.091895 sending message 102 to peer 0x91541c000 (13 bytes)
1763140094.091905 sending message 108 to peer 0x91541c000 (34 bytes)
1763140094.091915 sending message 112 to peer 0x91541c000 (58 bytes)
1763140094.091925 sending message 112 to peer 0x91541c000 (5 bytes)
1763140094.091935 sending message 112 to peer 0x91541c000 (5 bytes)
1763140094.091950 sending message 112 to peer 0x91541c000 (6 bytes)
1763140094.091962 sending message 112 to peer 0x91541c000 (6 bytes)
1763140094.091972 sending message 112 to peer 0x91541c000 (11 bytes)
1763140094.091982 sending message 112 to peer 0x91541c000 (10 bytes)
1763140094.091992 sending message 112 to peer 0x91541c000 (13 bytes)
1763140094.092002 sending message 112 to peer 0x91541c000 (14 bytes)
1763140094.092012 sending message 112 to peer 0x91541c000 (19 bytes)
1763140094.092021 sending message 112 to peer 0x91541c000 (11 bytes)
1763140094.092031 sending message 112 to peer 0x91541c000 (10 bytes)
1763140094.092041 sending message 112 to peer 0x91541c000 (15 bytes)
1763140094.092050 sending message 112 to peer 0x91541c000 (21 bytes)
1763140094.092060 sending message 112 to peer 0x91541c000 (13 bytes)
1763140094.092069 sending message 112 to peer 0x91541c000 (7 bytes)
1763140094.092079 sending message 112 to peer 0x91541c000 (13 bytes)
1763140094.092089 sending message 112 to peer 0x91541c000 (7 bytes)
1763140094.092098 sending message 112 to peer 0x91541c000 (13 bytes)
1763140094.092113 sending message 112 to peer 0x91541c000 (9 bytes)
1763140094.092124 sending message 112 to peer 0x91541c000 (21 bytes)
1763140094.092134 sending message 112 to peer 0x91541c000 (13 bytes)
1763140094.092144 sending message 112 to peer 0x91541c000 (9 bytes)
1763140094.092154 sending message 112 to peer 0x91541c000 (16 bytes)
1763140094.092163 sending message 112 to peer 0x91541c000 (13 bytes)
1763140094.092177 sending message 112 to peer 0x91541c000 (9 bytes)
1763140094.092188 sending message 112 to peer 0x91541c000 (9 bytes)
1763140094.092198 sending message 112 to peer 0x91541c000 (12 bytes)
1763140094.092208 sending message 112 to peer 0x91541c000 (8 bytes)
1763140094.092217 sending message 112 to peer 0x91541c000 (8 bytes)
1763140094.092226 sending message 112 to peer 0x91541c000 (13 bytes)
1763140094.092236 sending message 112 to peer 0x91541c000 (7 bytes)
1763140094.092245 sending message 112 to peer 0x91541c000 (7 bytes)
1763140094.092255 sending message 112 to peer 0x91541c000 (9 bytes)
1763140094.092264 sending message 112 to peer 0x91541c000 (9 bytes)
1763140094.092274 sending message 112 to peer 0x91541c000 (15 bytes)
1763140094.092283 sending message 112 to peer 0x91541c000 (13 bytes)
1763140094.092293 sending message 112 to peer 0x91541c000 (12 bytes)
1763140094.092302 sending message 112 to peer 0x91541c000 (8 bytes)
1763140094.092311 sending message 112 to peer 0x91541c000 (14 bytes)
1763140094.092321 sending message 112 to peer 0x91541c000 (11 bytes)
1763140094.092330 sending message 112 to peer 0x91541c000 (9 bytes)
1763140094.092339 sending message 112 to peer 0x91541c000 (10 bytes)
1763140094.092349 sending message 112 to peer 0x91541c000 (10 bytes)
1763140094.092358 sending message 112 to peer 0x91541c000 (10 bytes)
1763140094.092368 sending message 112 to peer 0x91541c000 (10 bytes)
1763140094.092413 sending message 112 to peer 0x91541c000 (11 bytes)
1763140094.092421 sending message 112 to peer 0x91541c000 (12 bytes)
1763140094.092429 sending message 112 to peer 0x91541c000 (12 bytes)
1763140094.092436 sending message 112 to peer 0x91541c000 (12 bytes)
1763140094.092443 sending message 112 to peer 0x91541c000 (12 bytes)
1763140094.092450 sending message 112 to peer 0x91541c000 (12 bytes)
1763140094.092457 sending message 112 to peer 0x91541c000 (11 bytes)
1763140094.092465 sending message 112 to peer 0x91541c000 (11 bytes)
1763140094.092472 sending message 112 to peer 0x91541c000 (12 bytes)
1763140094.092479 sending message 112 to peer 0x91541c000 (12 bytes)
1763140094.092486 sending message 112 to peer 0x91541c000 (12 bytes)
1763140094.092493 sending message 112 to peer 0x91541c000 (12 bytes)
1763140094.092500 sending message 112 to peer 0x91541c000 (12 bytes)
1763140094.092507 sending message 112 to peer 0x91541c000 (9 bytes)
1763140094.092514 sending message 112 to peer 0x91541c000 (12 bytes)
1763140094.092521 sending message 112 to peer 0x91541c000 (13 bytes)
1763140094.092529 sending message 112 to peer 0x91541c000 (13 bytes)
1763140094.092536 sending message 112 to peer 0x91541c000 (13 bytes)
1763140094.092543 sending message 112 to peer 0x91541c000 (13 bytes)
1763140094.092550 sending message 112 to peer 0x91541c000 (13 bytes)
1763140094.092557 sending message 112 to peer 0x91541c000 (8 bytes)
1763140094.092564 sending message 112 to peer 0x91541c000 (11 bytes)
1763140094.092572 sending message 112 to peer 0x91541c000 (11 bytes)
1763140094.092579 sending message 112 to peer 0x91541c000 (11 bytes)
1763140094.092586 sending message 112 to peer 0x91541c000 (12 bytes)
1763140094.092593 sending message 112 to peer 0x91541c000 (12 bytes)
1763140094.092600 sending message 112 to peer 0x91541c000 (12 bytes)
1763140094.092607 sending message 112 to peer 0x91541c000 (12 bytes)
1763140094.092614 sending message 112 to peer 0x91541c000 (13 bytes)
1763140094.092621 sending message 112 to peer 0x91541c000 (13 bytes)
1763140094.092628 sending message 112 to peer 0x91541c000 (13 bytes)
1763140094.092636 sending message 112 to peer 0x91541c000 (8 bytes)
1763140094.092643 sending message 112 to peer 0x91541c000 (13 bytes)
1763140094.092650 sending message 112 to peer 0x91541c000 (13 bytes)
1763140094.092657 sending message 112 to peer 0x91541c000 (13 bytes)
1763140094.092664 sending message 112 to peer 0x91541c000 (13 bytes)
1763140094.092671 sending message 112 to peer 0x91541c000 (13 bytes)
1763140094.092679 sending message 112 to peer 0x91541c000 (12 bytes)
1763140094.092686 sending message 112 to peer 0x91541c000 (12 bytes)
1763140094.092693 sending message 112 to peer 0x91541c000 (12 bytes)
1763140094.092700 sending message 112 to peer 0x91541c000 (12 bytes)
1763140094.092707 sending message 112 to peer 0x91541c000 (13 bytes)
1763140094.092714 sending message 112 to peer 0x91541c000 (8 bytes)
1763140094.092721 sending message 112 to peer 0x91541c000 (13 bytes)
1763140094.092728 sending message 112 to peer 0x91541c000 (13 bytes)
1763140094.092736 sending message 112 to peer 0x91541c000 (13 bytes)
1763140094.092743 sending message 112 to peer 0x91541c000 (13 bytes)
1763140094.092750 sending message 112 to peer 0x91541c000 (13 bytes)
1763140094.092757 sending message 112 to peer 0x91541c000 (13 bytes)
1763140094.092764 sending message 112 to peer 0x91541c000 (13 bytes)
1763140094.092771 sending message 112 to peer 0x91541c000 (12 bytes)
1763140094.092778 sending message 112 to peer 0x91541c000 (12 bytes)
1763140094.092786 sending message 112 to peer 0x91541c000 (12 bytes)
1763140094.092793 sending message 112 to peer 0x91541c000 (8 bytes)
1763140094.092800 sending message 112 to peer 0x91541c000 (12 bytes)
1763140094.092807 sending message 112 to peer 0x91541c000 (13 bytes)
1763140094.092814 sending message 112 to peer 0x91541c000 (13 bytes)
1763140094.092821 sending message 112 to peer 0x91541c000 (13 bytes)
1763140094.092828 sending message 112 to peer 0x91541c000 (13 bytes)
1763140094.092835 sending message 112 to peer 0x91541c000 (13 bytes)
1763140094.092851 sending message 112 to peer 0x91541c000 (13 bytes)
1763140094.092858 sending message 112 to peer 0x91541c000 (13 bytes)
1763140094.092865 sending message 112 to peer 0x91541c000 (13 bytes)
1763140094.092872 sending message 112 to peer 0x91541c000 (12 bytes)
1763140094.092879 sending message 112 to peer 0x91541c000 (10 bytes)
1763140094.092887 sending message 112 to peer 0x91541c000 (12 bytes)
1763140094.092894 sending message 112 to peer 0x91541c000 (12 bytes)
1763140094.092901 sending message 112 to peer 0x91541c000 (12 bytes)
1763140094.092908 sending message 112 to peer 0x91541c000 (13 bytes)
1763140094.092915 sending message 112 to peer 0x91541c000 (13 bytes)
1763140094.092922 sending message 112 to peer 0x91541c000 (13 bytes)
1763140094.092930 sending message 112 to peer 0x91541c000 (13 bytes)
1763140094.092937 sending message 112 to peer 0x91541c000 (13 bytes)
1763140094.092944 sending message 112 to peer 0x91541c000 (13 bytes)
1763140094.092951 sending message 112 to peer 0x91541c000 (13 bytes)
1763140094.092958 sending message 112 to peer 0x91541c000 (10 bytes)
1763140094.092965 sending message 112 to peer 0x91541c000 (13 bytes)
1763140094.092972 sending message 112 to peer 0x91541c000 (12 bytes)
1763140094.092980 sending message 112 to peer 0x91541c000 (12 bytes)
1763140094.092987 sending message 112 to peer 0x91541c000 (12 bytes)
1763140094.092994 sending message 112 to peer 0x91541c000 (10 bytes)
1763140094.093001 sending message 112 to peer 0x91541c000 (10 bytes)
1763140094.093008 sending message 112 to peer 0x91541c000 (10 bytes)
1763140094.093015 sending message 112 to peer 0x91541c000 (12 bytes)
1763140094.093022 sending message 112 to peer 0x91541c000 (13 bytes)
1763140094.093029 sending message 112 to peer 0x91541c000 (13 bytes)
1763140094.093036 sending message 112 to peer 0x91541c000 (13 bytes)
1763140094.093044 sending message 112 to peer 0x91541c000 (13 bytes)
1763140094.093051 sending message 112 to peer 0x91541c000 (13 bytes)
1763140094.093058 sending message 112 to peer 0x91541c000 (10 bytes)
1763140094.093065 sending message 112 to peer 0x91541c000 (11 bytes)
1763140094.093072 sending message 112 to peer 0x91541c000 (12 bytes)
1763140094.093079 sending message 112 to peer 0x91541c000 (12 bytes)
1763140094.093086 sending message 112 to peer 0x91541c000 (12 bytes)
1763140094.093094 sending message 112 to peer 0x91541c000 (12 bytes)
1763140094.093101 sending message 112 to peer 0x91541c000 (12 bytes)
1763140094.093108 sending message 112 to peer 0x91541c000 (11 bytes)
1763140094.093115 sending message 112 to peer 0x91541c000 (12 bytes)
1763140094.093122 sending message 112 to peer 0x91541c000 (12 bytes)
1763140094.093129 sending message 112 to peer 0x91541c000 (13 bytes)
1763140094.093136 sending message 112 to peer 0x91541c000 (13 bytes)
1763140094.093143 sending message 112 to peer 0x91541c000 (13 bytes)
1763140094.093150 sending message 112 to peer 0x91541c000 (13 bytes)
1763140094.093158 sending message 112 to peer 0x91541c000 (13 bytes)
1763140094.093165 sending message 112 to peer 0x91541c000 (10 bytes)
1763140094.093172 sending message 112 to peer 0x91541c000 (9 bytes)
1763140094.093179 sending message 112 to peer 0x91541c000 (12 bytes)
1763140094.093186 sending message 112 to peer 0x91541c000 (13 bytes)
1763140094.093193 sending message 112 to peer 0x91541c000 (13 bytes)
1763140094.093200 sending message 112 to peer 0x91541c000 (13 bytes)
1763140094.093207 sending message 112 to peer 0x91541c000 (13 bytes)
1763140094.093214 sending message 112 to peer 0x91541c000 (13 bytes)
1763140094.093222 sending message 112 to peer 0x91541c000 (9 bytes)
1763140094.093229 sending message 112 to peer 0x91541c000 (12 bytes)
1763140094.093236 sending message 112 to peer 0x91541c000 (13 bytes)
1763140094.093243 sending message 112 to peer 0x91541c000 (13 bytes)
1763140094.093250 sending message 112 to peer 0x91541c000 (13 bytes)
1763140094.093257 sending message 112 to peer 0x91541c000 (13 bytes)
1763140094.093264 sending message 112 to peer 0x91541c000 (13 bytes)
1763140094.093279 sending message 112 to peer 0x91541c000 (11 bytes)
1763140094.093286 sending message 112 to peer 0x91541c000 (12 bytes)
1763140094.093294 sending message 112 to peer 0x91541c000 (13 bytes)
1763140094.093301 sending message 112 to peer 0x91541c000 (13 bytes)
1763140094.093308 sending message 112 to peer 0x91541c000 (13 bytes)
1763140094.093315 sending message 112 to peer 0x91541c000 (13 bytes)
1763140094.093322 sending message 112 to peer 0x91541c000 (13 bytes)
1763140094.093329 sending message 112 to peer 0x91541c000 (11 bytes)
1763140094.093336 sending message 112 to peer 0x91541c000 (12 bytes)
1763140094.093344 sending message 112 to peer 0x91541c000 (12 bytes)
1763140094.093351 sending message 112 to peer 0x91541c000 (12 bytes)
1763140094.093358 sending message 112 to peer 0x91541c000 (12 bytes)
1763140094.093365 sending message 112 to peer 0x91541c000 (12 bytes)
1763140094.093372 sending message 112 to peer 0x91541c000 (21 bytes)
1763140094.093379 sending message 112 to peer 0x91541c000 (12 bytes)
1763140094.093387 sending message 112 to peer 0x91541c000 (9 bytes)
1763140094.093394 sending message 112 to peer 0x91541c000 (6 bytes)
1763140094.093401 sending message 112 to peer 0x91541c000 (13 bytes)
1763140094.093408 sending message 112 to peer 0x91541c000 (10 bytes)
1763140094.093415 sending message 112 to peer 0x91541c000 (15 bytes)
1763140094.093422 sending message 112 to peer 0x91541c000 (13 bytes)
1763140094.093429 sending message 112 to peer 0x91541c000 (9 bytes)
1763140094.093436 sending message 112 to peer 0x91541c000 (70 bytes)
1763140094.093444 sending message 112 to peer 0x91541c000 (69 bytes)
1763140094.093451 sending message 112 to peer 0x91541c000 (73 bytes)
1763140094.093458 sending message 112 to peer 0x91541c000 (12 bytes)
1763140094.093465 sending message 112 to peer 0x91541c000 (10 bytes)
1763140094.093473 sending message 112 to peer 0x91541c000 (10 bytes)
1763140094.093480 sending message 112 to peer 0x91541c000 (15 bytes)
1763140094.093487 sending message 112 to peer 0x91541c000 (13 bytes)
1763140094.093494 sending message 112 to peer 0x91541c000 (10 bytes)
1763140094.093501 sending message 112 to peer 0x91541c000 (10 bytes)
1763140094.093508 sending message 112 to peer 0x91541c000 (17 bytes)
1763140094.093515 sending message 112 to peer 0x91541c000 (10 bytes)
1763140094.093523 sending message 112 to peer 0x91541c000 (13 bytes)
1763140094.093530 sending message 112 to peer 0x91541c000 (15 bytes)
1763140094.093537 sending message 112 to peer 0x91541c000 (5 bytes)
1763140094.093547 sending message 104 to peer 0x91541c000 (0 bytes)
1763140094.093556 sending message 110 to peer 0x91541c000 (0 bytes)
1763140094.093563 sending message 107 to peer 0x91541c000 (4 bytes)
1763140094.093570 sending message 105 to peer 0x91541c000 (60 bytes)
1763140094.093577 sending message 105 to peer 0x91541c000 (66 bytes)
1763140094.093585 sending message 105 to peer 0x91541c000 (26 bytes)
1763140094.093592 sending message 105 to peer 0x91541c000 (15 bytes)
1763140094.093599 sending message 105 to peer 0x91541c000 (32 bytes)
1763140094.093606 sending message 105 to peer 0x91541c000 (18 bytes)
1763140094.093614 sending message 105 to peer 0x91541c000 (14 bytes)
1763140094.093621 sending message 105 to peer 0x91541c000 (17 bytes)
1763140094.093628 sending message 105 to peer 0x91541c000 (38 bytes)
1763140094.093635 sending message 105 to peer 0x91541c000 (16 bytes)
1763140094.093642 sending message 105 to peer 0x91541c000 (43 bytes)
1763140094.093650 sending message 105 to peer 0x91541c000 (42 bytes)
1763140094.093657 sending message 105 to peer 0x91541c000 (27 bytes)
1763140094.093664 sending message 105 to peer 0x91541c000 (23 bytes)
1763140094.093671 sending message 105 to peer 0x91541c000 (95 bytes)
1763140094.093679 sending message 105 to peer 0x91541c000 (19 bytes)
1763140094.093686 sending message 105 to peer 0x91541c000 (20 bytes)
1763140094.093693 sending message 105 to peer 0x91541c000 (22 bytes)
1763140094.093700 sending message 105 to peer 0x91541c000 (20 bytes)
1763140094.093718 sending message 105 to peer 0x91541c000 (86 bytes)
1763140094.093726 sending message 105 to peer 0x91541c000 (16 bytes)
1763140094.093734 sending message 105 to peer 0x91541c000 (57 bytes)
1763140094.093741 sending message 105 to peer 0x91541c000 (9 bytes)
1763140094.093748 sending message 105 to peer 0x91541c000 (19 bytes)
1763140094.093756 sending message 105 to peer 0x91541c000 (12 bytes)
1763140094.093763 sending message 105 to peer 0x91541c000 (32 bytes)
1763140094.093770 sending message 105 to peer 0x91541c000 (61 bytes)
1763140094.093777 sending message 105 to peer 0x91541c000 (17 bytes)
1763140094.093785 sending message 105 to peer 0x91541c000 (13 bytes)
1763140094.093792 sending message 105 to peer 0x91541c000 (14 bytes)
1763140094.093799 sending message 105 to peer 0x91541c000 (17 bytes)
1763140094.093806 sending message 105 to peer 0x91541c000 (8 bytes)
1763140094.093813 sending message 105 to peer 0x91541c000 (12 bytes)
1763140094.093820 sending message 105 to peer 0x91541c000 (14 bytes)
1763140094.093827 sending message 105 to peer 0x91541c000 (10 bytes)
1763140094.093835 sending message 105 to peer 0x91541c000 (9 bytes)
1763140094.093842 sending message 106 to peer 0x91541c000 (0 bytes)
1763140094.093943 sending message 200 to peer 0x91541c000 (4 bytes)
1763140094.093954 client loop enter
1763140094.097784 peer 0x91541c000 message 207
1763140094.097821 sending message 208 to peer 0x91541c000 (0 bytes)
1763140097.154115 peer 0x91541c000 message 203
1763140097.154219 sending message 205 to peer 0x91541c000 (0 bytes)
1763140097.154422 peer 0x91541c000 message 204
1763140097.154447 client loop exit
